<?xml version="1.0" encoding="utf-8"?>
<TestRun id="8e6046a2-51a0-43f6-8f1b-db426a2d3409" name="Akhi@DESKTOP-3VSJ9LA 2025-05-10 13:47:24" runUser="DESKTOP-3VSJ9LA\Akhi" xmlns="http://microsoft.com/schemas/VisualStudio/TeamTest/2010">
  <Times creation="2025-05-10T13:47:24.4068756+02:00" queuing="2025-05-10T13:47:24.4068760+02:00" start="2025-05-10T13:47:21.0662577+02:00" finish="2025-05-10T13:47:32.3233979+02:00" />
  <TestSettings name="default" id="030cd79f-d42f-4a9a-90ca-bcfd96c69dd8">
    <Deployment runDeploymentRoot="Akhi_DESKTOP-3VSJ9LA_2025-05-10_13_47_24" />
  </TestSettings>
  <Results>
    <UnitTestResult executionId="137d2cca-3f67-4890-9464-ad80bee408ca" testId="e2f25ae9-ae01-a339-e7e8-86d47fedbcff" testName="GetBookingIDsWithValidParameters_HappyPath(&quot;without parms&quot;,&quot;&quot;,&quot;&quot;,&quot;&quot;,&quot;&quot;,&quot;200&quot;,null)" computerName="DESKTOP-3VSJ9LA" duration="00:00:00.7187480" startTime="2025-05-10T13:47:31.5124007+02:00" endTime="2025-05-10T13:47:32.2311484+02:00" testType="13cdc9d9-ddb5-4fa4-a97d-d965ccfc6d4b" outcome="Passed" testListId="8c84fa94-04c1-424b-9868-57a2d4851a1d" relativeResultsDirectory="137d2cca-3f67-4890-9464-ad80bee408ca">
      <Output>
        <StdOut>When I request booking IDs with parameters&#xD;
  --- table step argument ---&#xD;
  | Parameter | Value |&#xD;
  | firstname |       |&#xD;
  | lastname  |       |&#xD;
  | checkin   |       |&#xD;
  | checkout  |       |&#xD;
-&gt; done: GetBookingIdsSteps.WhenIRequestBookingIDsWithParameters(&lt;table&gt;) (0.7s)&#xD;
Then the response status code should be 200&#xD;
-&gt; done: CommonSteps.ThenTheResponseStatusCodeShouldBe(200) (0.0s)</StdOut>
      </Output>
    </UnitTestResult>
    <UnitTestResult executionId="23fc4f4a-b5ab-455e-97c2-ecfb174059e6" testId="7326d203-90dc-2ad2-b354-5a65401bc10c" testName="GetBookingDetailsWithInvalidID_ErrorCases(&quot;invalid_id&quot;,&quot;404&quot;,null)" computerName="DESKTOP-3VSJ9LA" duration="00:00:00.3440940" startTime="2025-05-10T13:47:23.2961425+02:00" endTime="2025-05-10T13:47:23.6402358+02:00" testType="13cdc9d9-ddb5-4fa4-a97d-d965ccfc6d4b" outcome="Passed" testListId="8c84fa94-04c1-424b-9868-57a2d4851a1d" relativeResultsDirectory="23fc4f4a-b5ab-455e-97c2-ecfb174059e6">
      <Output>
        <StdOut>Given I have an invalid booking ID invalid_id&#xD;
-&gt; done: GetBookingSteps.GivenIHaveAnInvalidBookingID("invalid_id") (0.0s)&#xD;
When I request booking details for that ID&#xD;
-&gt; done: GetBookingSteps.WhenIRequestBookingDetailsForThatID() (0.3s)&#xD;
Then the booking details response status code should be 404&#xD;
-&gt; done: GetBookingSteps.ThenTheBookingDetailsResponseStatusCodeShouldBe(404) (0.0s)</StdOut>
      </Output>
    </UnitTestResult>
    <UnitTestResult executionId="dea8f766-85ad-4287-887e-afcfdc124fc6" testId="561bb54e-b742-42ec-efd3-2142e44e9eb0" testName="GetBookingIDsWithSpecialCharacters(&quot;Hyphenated name&quot;,&quot;Anne-Marie&quot;,&quot;O'Connor&quot;,null)" computerName="DESKTOP-3VSJ9LA" duration="00:00:00.5938000" startTime="2025-05-10T13:47:27.8663417+02:00" endTime="2025-05-10T13:47:28.4601406+02:00" testType="13cdc9d9-ddb5-4fa4-a97d-d965ccfc6d4b" outcome="Passed" testListId="8c84fa94-04c1-424b-9868-57a2d4851a1d" relativeResultsDirectory="dea8f766-85ad-4287-887e-afcfdc124fc6">
      <Output>
        <StdOut>When I request booking IDs with parameters&#xD;
  --- table step argument ---&#xD;
  | Parameter | Value      |&#xD;
  | firstname | Anne-Marie |&#xD;
  | lastname  | O'Connor   |&#xD;
-&gt; done: GetBookingIdsSteps.WhenIRequestBookingIDsWithParameters(&lt;table&gt;) (0.6s)&#xD;
Then the response status code should be 200&#xD;
-&gt; done: CommonSteps.ThenTheResponseStatusCodeShouldBe(200) (0.0s)</StdOut>
      </Output>
    </UnitTestResult>
    <UnitTestResult executionId="e59e524a-735d-40e6-942f-5613332fb2ab" testId="cad8e3c8-bc50-786a-444e-4735cba36224" testName="GetBookingIDsWithValidParameters_HappyPath(&quot;Name filter only&quot;,&quot;Sally&quot;,&quot;Brown&quot;,&quot;&quot;,&quot;&quot;,&quot;200&quot;,null)" computerName="DESKTOP-3VSJ9LA" duration="00:00:00.5286410" startTime="2025-05-10T13:47:29.8852399+02:00" endTime="2025-05-10T13:47:30.4138798+02:00" testType="13cdc9d9-ddb5-4fa4-a97d-d965ccfc6d4b" outcome="Passed" testListId="8c84fa94-04c1-424b-9868-57a2d4851a1d" relativeResultsDirectory="e59e524a-735d-40e6-942f-5613332fb2ab">
      <Output>
        <StdOut>When I request booking IDs with parameters&#xD;
  --- table step argument ---&#xD;
  | Parameter | Value |&#xD;
  | firstname | Sally |&#xD;
  | lastname  | Brown |&#xD;
  | checkin   |       |&#xD;
  | checkout  |       |&#xD;
-&gt; done: GetBookingIdsSteps.WhenIRequestBookingIDsWithParameters(&lt;table&gt;) (0.5s)&#xD;
Then the response status code should be 200&#xD;
-&gt; done: CommonSteps.ThenTheResponseStatusCodeShouldBe(200) (0.0s)</StdOut>
      </Output>
    </UnitTestResult>
    <UnitTestResult executionId="1638dfdc-388c-4879-a601-eec9566de6a0" testId="dd557de1-44c8-42f9-38a0-d5af844f7317" testName="GetBookingDetailsWithValidID_HappyPath(&quot;2&quot;,null)" computerName="DESKTOP-3VSJ9LA" duration="00:00:00.3206020" startTime="2025-05-10T13:47:24.9718578+02:00" endTime="2025-05-10T13:47:25.2924594+02:00" testType="13cdc9d9-ddb5-4fa4-a97d-d965ccfc6d4b" outcome="Passed" testListId="8c84fa94-04c1-424b-9868-57a2d4851a1d" relativeResultsDirectory="1638dfdc-388c-4879-a601-eec9566de6a0">
      <Output>
        <StdOut>Given I request booking details for ID 2 with Accept: application/json header&#xD;
-&gt; done: GetBookingSteps.GivenIRequestBookingDetailsForIDWithHeader(2) (0.0s)&#xD;
When I request booking details for that ID&#xD;
-&gt; done: GetBookingSteps.WhenIRequestBookingDetailsForThatID() (0.3s)&#xD;
Then the response status code should be 200&#xD;
-&gt; done: CommonSteps.ThenTheResponseStatusCodeShouldBe(200) (0.0s)&#xD;
And the response should contain valid booking details with JSON content type&#xD;
-&gt; done: GetBookingSteps.ThenTheResponseShouldContainValidBookingDetailsWithJsonContentType() (0.0s)&#xD;
And the booking details should have all required fields with correct types&#xD;
-&gt; done: GetBookingSteps.ThenTheBookingDetailsShouldHaveAllRequiredFieldsWithCorrectTypes() (0.0s)</StdOut>
      </Output>
    </UnitTestResult>
    <UnitTestResult executionId="e9f45f08-0d1c-4235-b3c3-d8c745fa5f00" testId="2899c56b-6eae-9579-a7bb-643bbb53db18" testName="GetBookingIDsWithSpecialCharacters(&quot;Special chars&quot;,&quot;Johnny#&quot;,&quot;$mith&quot;,null)" computerName="DESKTOP-3VSJ9LA" duration="00:00:00.4414050" startTime="2025-05-10T13:47:29.4437277+02:00" endTime="2025-05-10T13:47:29.8851327+02:00" testType="13cdc9d9-ddb5-4fa4-a97d-d965ccfc6d4b" outcome="Passed" testListId="8c84fa94-04c1-424b-9868-57a2d4851a1d" relativeResultsDirectory="e9f45f08-0d1c-4235-b3c3-d8c745fa5f00">
      <Output>
        <StdOut>When I request booking IDs with parameters&#xD;
  --- table step argument ---&#xD;
  | Parameter | Value   |&#xD;
  | firstname | Johnny# |&#xD;
  | lastname  | $mith   |&#xD;
-&gt; done: GetBookingIdsSteps.WhenIRequestBookingIDsWithParameters(&lt;table&gt;) (0.4s)&#xD;
Then the response status code should be 200&#xD;
-&gt; done: CommonSteps.ThenTheResponseStatusCodeShouldBe(200) (0.0s)</StdOut>
      </Output>
    </UnitTestResult>
    <UnitTestResult executionId="e4001893-d5fe-4068-8acd-dc3fbc472677" testId="7194a192-f5eb-7af0-a928-ff5839d8cbdb" testName="GetBookingIDsWithValidParameters_HappyPath(&quot;Combined name+date&quot;,&quot;Sally&quot;,&quot;Brown&quot;,&quot;2014-03-13&quot;,&quot;2014-05-21&quot;,&quot;200&quot;,null)" computerName="DESKTOP-3VSJ9LA" duration="00:00:00.6156930" startTime="2025-05-10T13:47:30.8966454+02:00" endTime="2025-05-10T13:47:31.5123374+02:00" testType="13cdc9d9-ddb5-4fa4-a97d-d965ccfc6d4b" outcome="Passed" testListId="8c84fa94-04c1-424b-9868-57a2d4851a1d" relativeResultsDirectory="e4001893-d5fe-4068-8acd-dc3fbc472677">
      <Output>
        <StdOut>When I request booking IDs with parameters&#xD;
  --- table step argument ---&#xD;
  | Parameter | Value      |&#xD;
  | firstname | Sally      |&#xD;
  | lastname  | Brown      |&#xD;
  | checkin   | 2014-03-13 |&#xD;
  | checkout  | 2014-05-21 |&#xD;
-&gt; done: GetBookingIdsSteps.WhenIRequestBookingIDsWithParameters(&lt;table&gt;) (0.6s)&#xD;
Then the response status code should be 200&#xD;
-&gt; done: CommonSteps.ThenTheResponseStatusCodeShouldBe(200) (0.0s)</StdOut>
      </Output>
    </UnitTestResult>
    <UnitTestResult executionId="4c9fcf03-1993-4618-9a53-6f26543b54e1" testId="34736688-340f-df16-ec2d-d03f0a9160d9" testName="GetBookingIDsWithEdgeCaseParameters(&quot;Maximum date range&quot;,&quot;2010-01-01&quot;,&quot;2030-12-31&quot;,&quot;200&quot;,&quot;contain&quot;,null)" computerName="DESKTOP-3VSJ9LA" duration="00:00:00.5533030" startTime="2025-05-10T13:47:27.3129280+02:00" endTime="2025-05-10T13:47:27.8662308+02:00" testType="13cdc9d9-ddb5-4fa4-a97d-d965ccfc6d4b" outcome="Passed" testListId="8c84fa94-04c1-424b-9868-57a2d4851a1d" relativeResultsDirectory="4c9fcf03-1993-4618-9a53-6f26543b54e1">
      <Output>
        <StdOut>When I request booking IDs with parameters&#xD;
  --- table step argument ---&#xD;
  | Parameter | Value      |&#xD;
  | checkin   | 2010-01-01 |&#xD;
  | checkout  | 2030-12-31 |&#xD;
-&gt; done: GetBookingIdsSteps.WhenIRequestBookingIDsWithParameters(&lt;table&gt;) (0.5s)&#xD;
Then the response status code should be 200&#xD;
-&gt; done: CommonSteps.ThenTheResponseStatusCodeShouldBe(200) (0.0s)</StdOut>
      </Output>
    </UnitTestResult>
    <UnitTestResult executionId="c2eab08b-bd64-415e-aa5f-341d658c97c0" testId="b624173f-2b80-d3fe-de13-8deadb8f2ea0" testName="GetBookingIDsWithValidParameters_HappyPath(&quot;Date filter only&quot;,&quot;&quot;,&quot;&quot;,&quot;2014-03-13&quot;,&quot;2014-05-21&quot;,&quot;200&quot;,null)" computerName="DESKTOP-3VSJ9LA" duration="00:00:00.4826540" startTime="2025-05-10T13:47:30.4139544+02:00" endTime="2025-05-10T13:47:30.8966076+02:00" testType="13cdc9d9-ddb5-4fa4-a97d-d965ccfc6d4b" outcome="Passed" testListId="8c84fa94-04c1-424b-9868-57a2d4851a1d" relativeResultsDirectory="c2eab08b-bd64-415e-aa5f-341d658c97c0">
      <Output>
        <StdOut>When I request booking IDs with parameters&#xD;
  --- table step argument ---&#xD;
  | Parameter | Value      |&#xD;
  | firstname |            |&#xD;
  | lastname  |            |&#xD;
  | checkin   | 2014-03-13 |&#xD;
  | checkout  | 2014-05-21 |&#xD;
-&gt; done: GetBookingIdsSteps.WhenIRequestBookingIDsWithParameters(&lt;table&gt;) (0.5s)&#xD;
Then the response status code should be 200&#xD;
-&gt; done: CommonSteps.ThenTheResponseStatusCodeShouldBe(200) (0.0s)</StdOut>
      </Output>
    </UnitTestResult>
    <UnitTestResult executionId="1d5b2f4d-3adf-4e5e-a5a0-78c7401f575c" testId="f9fe192a-7def-3262-8ca4-3a1b425aac6e" testName="GetBookingDetailsWithInvalidID_ErrorCases(&quot;0&quot;,&quot;404&quot;,null)" computerName="DESKTOP-3VSJ9LA" duration="00:00:00.5096240" startTime="2025-05-10T13:47:23.6402835+02:00" endTime="2025-05-10T13:47:24.1499071+02:00" testType="13cdc9d9-ddb5-4fa4-a97d-d965ccfc6d4b" outcome="Passed" testListId="8c84fa94-04c1-424b-9868-57a2d4851a1d" relativeResultsDirectory="1d5b2f4d-3adf-4e5e-a5a0-78c7401f575c">
      <Output>
        <StdOut>Given I have an invalid booking ID 0&#xD;
-&gt; done: GetBookingSteps.GivenIHaveAnInvalidBookingID("0") (0.0s)&#xD;
When I request booking details for that ID&#xD;
-&gt; done: GetBookingSteps.WhenIRequestBookingDetailsForThatID() (0.5s)&#xD;
Then the booking details response status code should be 404&#xD;
-&gt; done: GetBookingSteps.ThenTheBookingDetailsResponseStatusCodeShouldBe(404) (0.0s)</StdOut>
      </Output>
    </UnitTestResult>
    <UnitTestResult executionId="021b0613-ac4a-4c86-a513-14097930bfae" testId="6ef41a4e-1f14-c3ca-1033-2359c301b8e8" testName="GetBookingDetailsWithValidID_HappyPath(&quot;1&quot;,null)" computerName="DESKTOP-3VSJ9LA" duration="00:00:00.4961670" startTime="2025-05-10T13:47:24.4756643+02:00" endTime="2025-05-10T13:47:24.9718305+02:00" testType="13cdc9d9-ddb5-4fa4-a97d-d965ccfc6d4b" outcome="Passed" testListId="8c84fa94-04c1-424b-9868-57a2d4851a1d" relativeResultsDirectory="021b0613-ac4a-4c86-a513-14097930bfae">
      <Output>
        <StdOut>Given I request booking details for ID 1 with Accept: application/json header&#xD;
-&gt; done: GetBookingSteps.GivenIRequestBookingDetailsForIDWithHeader(1) (0.0s)&#xD;
When I request booking details for that ID&#xD;
-&gt; done: GetBookingSteps.WhenIRequestBookingDetailsForThatID() (0.5s)&#xD;
Then the response status code should be 200&#xD;
-&gt; done: CommonSteps.ThenTheResponseStatusCodeShouldBe(200) (0.0s)&#xD;
And the response should contain valid booking details with JSON content type&#xD;
-&gt; done: GetBookingSteps.ThenTheResponseShouldContainValidBookingDetailsWithJsonContentType() (0.0s)&#xD;
And the booking details should have all required fields with correct types&#xD;
-&gt; done: GetBookingSteps.ThenTheBookingDetailsShouldHaveAllRequiredFieldsWithCorrectTypes() (0.0s)</StdOut>
      </Output>
    </UnitTestResult>
    <UnitTestResult executionId="d5228831-c9aa-4ea8-a121-5ade556c85f3" testId="944b0e07-b6bb-9ee1-c56a-2694c9858c3e" testName="GetBookingDetailsWithInvalidID_ErrorCases(&quot;999999999&quot;,&quot;404&quot;,null)" computerName="DESKTOP-3VSJ9LA" duration="00:00:01.3749940" startTime="2025-05-10T13:47:21.9195980+02:00" endTime="2025-05-10T13:47:23.2945107+02:00" testType="13cdc9d9-ddb5-4fa4-a97d-d965ccfc6d4b" outcome="Passed" testListId="8c84fa94-04c1-424b-9868-57a2d4851a1d" relativeResultsDirectory="d5228831-c9aa-4ea8-a121-5ade556c85f3">
      <Output>
        <StdOut>Given I have an invalid booking ID 999999999&#xD;
-&gt; done: GetBookingSteps.GivenIHaveAnInvalidBookingID("999999999") (0.0s)&#xD;
When I request booking details for that ID&#xD;
-&gt; done: GetBookingSteps.WhenIRequestBookingDetailsForThatID() (1.3s)&#xD;
Then the booking details response status code should be 404&#xD;
-&gt; done: GetBookingSteps.ThenTheBookingDetailsResponseStatusCodeShouldBe(404) (0.0s)</StdOut>
      </Output>
    </UnitTestResult>
    <UnitTestResult executionId="4bf919dd-99c1-4a25-aee3-f8beb30e6d7d" testId="382672ed-ee50-17b0-4479-d23757ccce62" testName="GetBookingIDsWithEdgeCaseParameters(&quot;Single day stay&quot;,&quot;2023-02-28&quot;,&quot;2023-02-28&quot;,&quot;200&quot;,&quot;contain&quot;,null)" computerName="DESKTOP-3VSJ9LA" duration="00:00:00.4579950" startTime="2025-05-10T13:47:26.8548622+02:00" endTime="2025-05-10T13:47:27.3128569+02:00" testType="13cdc9d9-ddb5-4fa4-a97d-d965ccfc6d4b" outcome="Passed" testListId="8c84fa94-04c1-424b-9868-57a2d4851a1d" relativeResultsDirectory="4bf919dd-99c1-4a25-aee3-f8beb30e6d7d">
      <Output>
        <StdOut>When I request booking IDs with parameters&#xD;
  --- table step argument ---&#xD;
  | Parameter | Value      |&#xD;
  | checkin   | 2023-02-28 |&#xD;
  | checkout  | 2023-02-28 |&#xD;
-&gt; done: GetBookingIdsSteps.WhenIRequestBookingIDsWithParameters(&lt;table&gt;) (0.5s)&#xD;
Then the response status code should be 200&#xD;
-&gt; done: CommonSteps.ThenTheResponseStatusCodeShouldBe(200) (0.0s)</StdOut>
      </Output>
    </UnitTestResult>
    <UnitTestResult executionId="6f1abcec-d415-4a69-9a55-9db6707bb0ce" testId="f9c7fa51-d047-5b3b-dcba-a8308fb2329b" testName="GetBookingDetailsWithInvalidID_ErrorCases(&quot;-1&quot;,&quot;404&quot;,null)" computerName="DESKTOP-3VSJ9LA" duration="00:00:00.3235540" startTime="2025-05-10T13:47:24.1499516+02:00" endTime="2025-05-10T13:47:24.4735051+02:00" testType="13cdc9d9-ddb5-4fa4-a97d-d965ccfc6d4b" outcome="Passed" testListId="8c84fa94-04c1-424b-9868-57a2d4851a1d" relativeResultsDirectory="6f1abcec-d415-4a69-9a55-9db6707bb0ce">
      <Output>
        <StdOut>Given I have an invalid booking ID -1&#xD;
-&gt; done: GetBookingSteps.GivenIHaveAnInvalidBookingID("-1") (0.0s)&#xD;
When I request booking details for that ID&#xD;
-&gt; done: GetBookingSteps.WhenIRequestBookingDetailsForThatID() (0.3s)&#xD;
Then the booking details response status code should be 404&#xD;
-&gt; done: GetBookingSteps.ThenTheBookingDetailsResponseStatusCodeShouldBe(404) (0.0s)</StdOut>
      </Output>
    </UnitTestResult>
    <UnitTestResult executionId="67fac0c9-3246-4b59-b91b-3eee509a1dbf" testId="eed11379-dee5-0e05-297d-b64efa5e6e9c" testName="GetBookingIDsWithSpecialCharacters(&quot;Numbers in name&quot;,&quot;Agent&quot;,&quot;007&quot;,null)" computerName="DESKTOP-3VSJ9LA" duration="00:00:00.3234200" startTime="2025-05-10T13:47:29.1202400+02:00" endTime="2025-05-10T13:47:29.4436589+02:00" testType="13cdc9d9-ddb5-4fa4-a97d-d965ccfc6d4b" outcome="Passed" testListId="8c84fa94-04c1-424b-9868-57a2d4851a1d" relativeResultsDirectory="67fac0c9-3246-4b59-b91b-3eee509a1dbf">
      <Output>
        <StdOut>When I request booking IDs with parameters&#xD;
  --- table step argument ---&#xD;
  | Parameter | Value |&#xD;
  | firstname | Agent |&#xD;
  | lastname  | 007   |&#xD;
-&gt; done: GetBookingIdsSteps.WhenIRequestBookingIDsWithParameters(&lt;table&gt;) (0.3s)&#xD;
Then the response status code should be 200&#xD;
-&gt; done: CommonSteps.ThenTheResponseStatusCodeShouldBe(200) (0.0s)</StdOut>
      </Output>
    </UnitTestResult>
    <UnitTestResult executionId="b91facdb-c3f4-4ae4-9369-4b94e637df0e" testId="fdedfd8a-fcd6-7541-7943-407d3601c8ee" testName="GetBookingIDsWithSpecialCharacters(&quot;Accented characters&quot;,&quot;Jos�&quot;,&quot;Mu�oz&quot;,null)" computerName="DESKTOP-3VSJ9LA" duration="00:00:00.3191919" startTime="2025-05-10T13:47:28.4601968+02:00" endTime="2025-05-10T13:47:28.7793887+02:00" testType="13cdc9d9-ddb5-4fa4-a97d-d965ccfc6d4b" outcome="Passed" testListId="8c84fa94-04c1-424b-9868-57a2d4851a1d" relativeResultsDirectory="b91facdb-c3f4-4ae4-9369-4b94e637df0e">
      <Output>
        <StdOut>When I request booking IDs with parameters&#xD;
  --- table step argument ---&#xD;
  | Parameter | Value |&#xD;
  | firstname | Jos�  |&#xD;
  | lastname  | Mu�oz |&#xD;
-&gt; done: GetBookingIdsSteps.WhenIRequestBookingIDsWithParameters(&lt;table&gt;) (0.3s)&#xD;
Then the response status code should be 200&#xD;
-&gt; done: CommonSteps.ThenTheResponseStatusCodeShouldBe(200) (0.0s)</StdOut>
      </Output>
    </UnitTestResult>
    <UnitTestResult executionId="f89dd9d9-093a-4e6e-8446-f153d0ee091a" testId="ebca4223-746d-74f3-38e7-1586b3105cab" testName="GetBookingIDsWithEdgeCaseParameters(&quot;Far past dates&quot;,&quot;2000-01-01&quot;,&quot;2000-01-10&quot;,&quot;200&quot;,&quot;contain&quot;,null)" computerName="DESKTOP-3VSJ9LA" duration="00:00:00.3611680" startTime="2025-05-10T13:47:26.4936367+02:00" endTime="2025-05-10T13:47:26.8548045+02:00" testType="13cdc9d9-ddb5-4fa4-a97d-d965ccfc6d4b" outcome="Passed" testListId="8c84fa94-04c1-424b-9868-57a2d4851a1d" relativeResultsDirectory="f89dd9d9-093a-4e6e-8446-f153d0ee091a">
      <Output>
        <StdOut>When I request booking IDs with parameters&#xD;
  --- table step argument ---&#xD;
  | Parameter | Value      |&#xD;
  | checkin   | 2000-01-01 |&#xD;
  | checkout  | 2000-01-10 |&#xD;
-&gt; done: GetBookingIdsSteps.WhenIRequestBookingIDsWithParameters(&lt;table&gt;) (0.3s)&#xD;
Then the response status code should be 200&#xD;
-&gt; done: CommonSteps.ThenTheResponseStatusCodeShouldBe(200) (0.0s)</StdOut>
      </Output>
    </UnitTestResult>
    <UnitTestResult executionId="03c8028e-310e-4009-87e1-76a76e1b79d7" testId="567a3b37-5ec5-69f7-7c5d-4348e1640b24" testName="GetBookingIDsWithEdgeCaseParameters(&quot;future dates&quot;,&quot;2030-01-01&quot;,&quot;2030-01-10&quot;,&quot;200&quot;,&quot;contain&quot;,null)" computerName="DESKTOP-3VSJ9LA" duration="00:00:00.4732260" startTime="2025-05-10T13:47:26.0203700+02:00" endTime="2025-05-10T13:47:26.4935953+02:00" testType="13cdc9d9-ddb5-4fa4-a97d-d965ccfc6d4b" outcome="Passed" testListId="8c84fa94-04c1-424b-9868-57a2d4851a1d" relativeResultsDirectory="03c8028e-310e-4009-87e1-76a76e1b79d7">
      <Output>
        <StdOut>When I request booking IDs with parameters&#xD;
  --- table step argument ---&#xD;
  | Parameter | Value      |&#xD;
  | checkin   | 2030-01-01 |&#xD;
  | checkout  | 2030-01-10 |&#xD;
-&gt; done: GetBookingIdsSteps.WhenIRequestBookingIDsWithParameters(&lt;table&gt;) (0.5s)&#xD;
Then the response status code should be 200&#xD;
-&gt; done: CommonSteps.ThenTheResponseStatusCodeShouldBe(200) (0.0s)</StdOut>
      </Output>
    </UnitTestResult>
    <UnitTestResult executionId="46393956-fc3c-443a-a5fd-248f936d9003" testId="3d12a631-4ab6-7607-3af7-bc906b8b2f0f" testName="GetBookingIDsWithEdgeCaseParameters(&quot;Invalid date format&quot;,&quot;2023/02/28&quot;,&quot;2023/03/01&quot;,&quot;200&quot;,&quot;not contain&quot;,null)" computerName="DESKTOP-3VSJ9LA" duration="00:00:00.3744730" startTime="2025-05-10T13:47:25.2950711+02:00" endTime="2025-05-10T13:47:25.6695426+02:00" testType="13cdc9d9-ddb5-4fa4-a97d-d965ccfc6d4b" outcome="Passed" testListId="8c84fa94-04c1-424b-9868-57a2d4851a1d" relativeResultsDirectory="46393956-fc3c-443a-a5fd-248f936d9003">
      <Output>
        <StdOut>When I request booking IDs with parameters&#xD;
  --- table step argument ---&#xD;
  | Parameter | Value      |&#xD;
  | checkin   | 2023/02/28 |&#xD;
  | checkout  | 2023/03/01 |&#xD;
-&gt; done: GetBookingIdsSteps.WhenIRequestBookingIDsWithParameters(&lt;table&gt;) (0.3s)&#xD;
Then the response status code should be 200&#xD;
-&gt; done: CommonSteps.ThenTheResponseStatusCodeShouldBe(200) (0.0s)</StdOut>
      </Output>
    </UnitTestResult>
    <UnitTestResult executionId="66bfe05f-1aab-45f4-89c8-9874d7bcbe65" testId="ad558806-3a2a-6c44-8843-c5dab1557e7e" testName="GetBookingIDsWithEdgeCaseParameters(&quot;Checkout before checkin&quot;,&quot;2023-03-01&quot;,&quot;2023-02-28&quot;,&quot;200&quot;,&quot;not contain&quot;,null)" computerName="DESKTOP-3VSJ9LA" duration="00:00:00.3507330" startTime="2025-05-10T13:47:25.6695945+02:00" endTime="2025-05-10T13:47:26.0203265+02:00" testType="13cdc9d9-ddb5-4fa4-a97d-d965ccfc6d4b" outcome="Passed" testListId="8c84fa94-04c1-424b-9868-57a2d4851a1d" relativeResultsDirectory="66bfe05f-1aab-45f4-89c8-9874d7bcbe65">
      <Output>
        <StdOut>When I request booking IDs with parameters&#xD;
  --- table step argument ---&#xD;
  | Parameter | Value      |&#xD;
  | checkin   | 2023-03-01 |&#xD;
  | checkout  | 2023-02-28 |&#xD;
-&gt; done: GetBookingIdsSteps.WhenIRequestBookingIDsWithParameters(&lt;table&gt;) (0.3s)&#xD;
Then the response status code should be 200&#xD;
-&gt; done: CommonSteps.ThenTheResponseStatusCodeShouldBe(200) (0.0s)</StdOut>
      </Output>
    </UnitTestResult>
    <UnitTestResult executionId="261a6013-8dc6-48c1-aca8-82f0d65c08b4" testId="734c68a2-aeaa-b307-9fec-70e8b2ffc41d" testName="GetBookingIDsWithSpecialCharacters(&quot;Space in name&quot;,&quot;Mary Jane&quot;,&quot;Parker Smith&quot;,null)" computerName="DESKTOP-3VSJ9LA" duration="00:00:00.3407370" startTime="2025-05-10T13:47:28.7794383+02:00" endTime="2025-05-10T13:47:29.1201734+02:00" testType="13cdc9d9-ddb5-4fa4-a97d-d965ccfc6d4b" outcome="Passed" testListId="8c84fa94-04c1-424b-9868-57a2d4851a1d" relativeResultsDirectory="261a6013-8dc6-48c1-aca8-82f0d65c08b4">
      <Output>
        <StdOut>When I request booking IDs with parameters&#xD;
  --- table step argument ---&#xD;
  | Parameter | Value        |&#xD;
  | firstname | Mary Jane    |&#xD;
  | lastname  | Parker Smith |&#xD;
-&gt; done: GetBookingIdsSteps.WhenIRequestBookingIDsWithParameters(&lt;table&gt;) (0.3s)&#xD;
Then the response status code should be 200&#xD;
-&gt; done: CommonSteps.ThenTheResponseStatusCodeShouldBe(200) (0.0s)</StdOut>
      </Output>
    </UnitTestResult>
  </Results>
  <TestDefinitions>
    <UnitTest name="GetBookingIDsWithEdgeCaseParameters(&quot;Invalid date format&quot;,&quot;2023/02/28&quot;,&quot;2023/03/01&quot;,&quot;200&quot;,&quot;not contain&quot;,null)" storage="c:\users\akhi\source\repos\bookerapitest\bookerapitest\bin\debug\net8.0\bookerapitest.dll" id="3d12a631-4ab6-7607-3af7-bc906b8b2f0f">
      <Execution id="46393956-fc3c-443a-a5fd-248f936d9003" />
      <TestMethod codeBase="C:\Users\Akhi\source\repos\BookerApiTest\BookerApiTest\bin\Debug\net8.0\BookerApiTest.dll" adapterTypeName="executor://nunit3testexecutor/" className="BookerApiTest.Features.BookingIDsAPIFeature" name="GetBookingIDsWithEdgeCaseParameters(&quot;Invalid date format&quot;,&quot;2023/02/28&quot;,&quot;2023/03/01&quot;,&quot;200&quot;,&quot;not contain&quot;,null)" />
    </UnitTest>
    <UnitTest name="GetBookingIDsWithEdgeCaseParameters(&quot;Far past dates&quot;,&quot;2000-01-01&quot;,&quot;2000-01-10&quot;,&quot;200&quot;,&quot;contain&quot;,null)" storage="c:\users\akhi\source\repos\bookerapitest\bookerapitest\bin\debug\net8.0\bookerapitest.dll" id="ebca4223-746d-74f3-38e7-1586b3105cab">
      <Execution id="f89dd9d9-093a-4e6e-8446-f153d0ee091a" />
      <TestMethod codeBase="C:\Users\Akhi\source\repos\BookerApiTest\BookerApiTest\bin\Debug\net8.0\BookerApiTest.dll" adapterTypeName="executor://nunit3testexecutor/" className="BookerApiTest.Features.BookingIDsAPIFeature" name="GetBookingIDsWithEdgeCaseParameters(&quot;Far past dates&quot;,&quot;2000-01-01&quot;,&quot;2000-01-10&quot;,&quot;200&quot;,&quot;contain&quot;,null)" />
    </UnitTest>
    <UnitTest name="GetBookingIDsWithSpecialCharacters(&quot;Space in name&quot;,&quot;Mary Jane&quot;,&quot;Parker Smith&quot;,null)" storage="c:\users\akhi\source\repos\bookerapitest\bookerapitest\bin\debug\net8.0\bookerapitest.dll" id="734c68a2-aeaa-b307-9fec-70e8b2ffc41d">
      <Execution id="261a6013-8dc6-48c1-aca8-82f0d65c08b4" />
      <TestMethod codeBase="C:\Users\Akhi\source\repos\BookerApiTest\BookerApiTest\bin\Debug\net8.0\BookerApiTest.dll" adapterTypeName="executor://nunit3testexecutor/" className="BookerApiTest.Features.BookingIDsAPIFeature" name="GetBookingIDsWithSpecialCharacters(&quot;Space in name&quot;,&quot;Mary Jane&quot;,&quot;Parker Smith&quot;,null)" />
    </UnitTest>
    <UnitTest name="GetBookingDetailsWithInvalidID_ErrorCases(&quot;invalid_id&quot;,&quot;404&quot;,null)" storage="c:\users\akhi\source\repos\bookerapitest\bookerapitest\bin\debug\net8.0\bookerapitest.dll" id="7326d203-90dc-2ad2-b354-5a65401bc10c">
      <Execution id="23fc4f4a-b5ab-455e-97c2-ecfb174059e6" />
      <TestMethod codeBase="C:\Users\Akhi\source\repos\BookerApiTest\BookerApiTest\bin\Debug\net8.0\BookerApiTest.dll" adapterTypeName="executor://nunit3testexecutor/" className="BookerApiTest.Features.BookingDetailsAPIFeature" name="GetBookingDetailsWithInvalidID_ErrorCases(&quot;invalid_id&quot;,&quot;404&quot;,null)" />
    </UnitTest>
    <UnitTest name="GetBookingIDsWithSpecialCharacters(&quot;Accented characters&quot;,&quot;Jos�&quot;,&quot;Mu�oz&quot;,null)" storage="c:\users\akhi\source\repos\bookerapitest\bookerapitest\bin\debug\net8.0\bookerapitest.dll" id="fdedfd8a-fcd6-7541-7943-407d3601c8ee">
      <Execution id="b91facdb-c3f4-4ae4-9369-4b94e637df0e" />
      <TestMethod codeBase="C:\Users\Akhi\source\repos\BookerApiTest\BookerApiTest\bin\Debug\net8.0\BookerApiTest.dll" adapterTypeName="executor://nunit3testexecutor/" className="BookerApiTest.Features.BookingIDsAPIFeature" name="GetBookingIDsWithSpecialCharacters(&quot;Accented characters&quot;,&quot;Jos�&quot;,&quot;Mu�oz&quot;,null)" />
    </UnitTest>
    <UnitTest name="GetBookingIDsWithValidParameters_HappyPath(&quot;Date filter only&quot;,&quot;&quot;,&quot;&quot;,&quot;2014-03-13&quot;,&quot;2014-05-21&quot;,&quot;200&quot;,null)" storage="c:\users\akhi\source\repos\bookerapitest\bookerapitest\bin\debug\net8.0\bookerapitest.dll" id="b624173f-2b80-d3fe-de13-8deadb8f2ea0">
      <Execution id="c2eab08b-bd64-415e-aa5f-341d658c97c0" />
      <TestMethod codeBase="C:\Users\Akhi\source\repos\BookerApiTest\BookerApiTest\bin\Debug\net8.0\BookerApiTest.dll" adapterTypeName="executor://nunit3testexecutor/" className="BookerApiTest.Features.BookingIDsAPIFeature" name="GetBookingIDsWithValidParameters_HappyPath(&quot;Date filter only&quot;,&quot;&quot;,&quot;&quot;,&quot;2014-03-13&quot;,&quot;2014-05-21&quot;,&quot;200&quot;,null)" />
    </UnitTest>
    <UnitTest name="GetBookingIDsWithValidParameters_HappyPath(&quot;Combined name+date&quot;,&quot;Sally&quot;,&quot;Brown&quot;,&quot;2014-03-13&quot;,&quot;2014-05-21&quot;,&quot;200&quot;,null)" storage="c:\users\akhi\source\repos\bookerapitest\bookerapitest\bin\debug\net8.0\bookerapitest.dll" id="7194a192-f5eb-7af0-a928-ff5839d8cbdb">
      <Execution id="e4001893-d5fe-4068-8acd-dc3fbc472677" />
      <TestMethod codeBase="C:\Users\Akhi\source\repos\BookerApiTest\BookerApiTest\bin\Debug\net8.0\BookerApiTest.dll" adapterTypeName="executor://nunit3testexecutor/" className="BookerApiTest.Features.BookingIDsAPIFeature" name="GetBookingIDsWithValidParameters_HappyPath(&quot;Combined name+date&quot;,&quot;Sally&quot;,&quot;Brown&quot;,&quot;2014-03-13&quot;,&quot;2014-05-21&quot;,&quot;200&quot;,null)" />
    </UnitTest>
    <UnitTest name="GetBookingIDsWithSpecialCharacters(&quot;Special chars&quot;,&quot;Johnny#&quot;,&quot;$mith&quot;,null)" storage="c:\users\akhi\source\repos\bookerapitest\bookerapitest\bin\debug\net8.0\bookerapitest.dll" id="2899c56b-6eae-9579-a7bb-643bbb53db18">
      <Execution id="e9f45f08-0d1c-4235-b3c3-d8c745fa5f00" />
      <TestMethod codeBase="C:\Users\Akhi\source\repos\BookerApiTest\BookerApiTest\bin\Debug\net8.0\BookerApiTest.dll" adapterTypeName="executor://nunit3testexecutor/" className="BookerApiTest.Features.BookingIDsAPIFeature" name="GetBookingIDsWithSpecialCharacters(&quot;Special chars&quot;,&quot;Johnny#&quot;,&quot;$mith&quot;,null)" />
    </UnitTest>
    <UnitTest name="GetBookingIDsWithSpecialCharacters(&quot;Numbers in name&quot;,&quot;Agent&quot;,&quot;007&quot;,null)" storage="c:\users\akhi\source\repos\bookerapitest\bookerapitest\bin\debug\net8.0\bookerapitest.dll" id="eed11379-dee5-0e05-297d-b64efa5e6e9c">
      <Execution id="67fac0c9-3246-4b59-b91b-3eee509a1dbf" />
      <TestMethod codeBase="C:\Users\Akhi\source\repos\BookerApiTest\BookerApiTest\bin\Debug\net8.0\BookerApiTest.dll" adapterTypeName="executor://nunit3testexecutor/" className="BookerApiTest.Features.BookingIDsAPIFeature" name="GetBookingIDsWithSpecialCharacters(&quot;Numbers in name&quot;,&quot;Agent&quot;,&quot;007&quot;,null)" />
    </UnitTest>
    <UnitTest name="GetBookingDetailsWithInvalidID_ErrorCases(&quot;-1&quot;,&quot;404&quot;,null)" storage="c:\users\akhi\source\repos\bookerapitest\bookerapitest\bin\debug\net8.0\bookerapitest.dll" id="f9c7fa51-d047-5b3b-dcba-a8308fb2329b">
      <Execution id="6f1abcec-d415-4a69-9a55-9db6707bb0ce" />
      <TestMethod codeBase="C:\Users\Akhi\source\repos\BookerApiTest\BookerApiTest\bin\Debug\net8.0\BookerApiTest.dll" adapterTypeName="executor://nunit3testexecutor/" className="BookerApiTest.Features.BookingDetailsAPIFeature" name="GetBookingDetailsWithInvalidID_ErrorCases(&quot;-1&quot;,&quot;404&quot;,null)" />
    </UnitTest>
    <UnitTest name="GetBookingDetailsWithInvalidID_ErrorCases(&quot;0&quot;,&quot;404&quot;,null)" storage="c:\users\akhi\source\repos\bookerapitest\bookerapitest\bin\debug\net8.0\bookerapitest.dll" id="f9fe192a-7def-3262-8ca4-3a1b425aac6e">
      <Execution id="1d5b2f4d-3adf-4e5e-a5a0-78c7401f575c" />
      <TestMethod codeBase="C:\Users\Akhi\source\repos\BookerApiTest\BookerApiTest\bin\Debug\net8.0\BookerApiTest.dll" adapterTypeName="executor://nunit3testexecutor/" className="BookerApiTest.Features.BookingDetailsAPIFeature" name="GetBookingDetailsWithInvalidID_ErrorCases(&quot;0&quot;,&quot;404&quot;,null)" />
    </UnitTest>
    <UnitTest name="GetBookingIDsWithEdgeCaseParameters(&quot;Maximum date range&quot;,&quot;2010-01-01&quot;,&quot;2030-12-31&quot;,&quot;200&quot;,&quot;contain&quot;,null)" storage="c:\users\akhi\source\repos\bookerapitest\bookerapitest\bin\debug\net8.0\bookerapitest.dll" id="34736688-340f-df16-ec2d-d03f0a9160d9">
      <Execution id="4c9fcf03-1993-4618-9a53-6f26543b54e1" />
      <TestMethod codeBase="C:\Users\Akhi\source\repos\BookerApiTest\BookerApiTest\bin\Debug\net8.0\BookerApiTest.dll" adapterTypeName="executor://nunit3testexecutor/" className="BookerApiTest.Features.BookingIDsAPIFeature" name="GetBookingIDsWithEdgeCaseParameters(&quot;Maximum date range&quot;,&quot;2010-01-01&quot;,&quot;2030-12-31&quot;,&quot;200&quot;,&quot;contain&quot;,null)" />
    </UnitTest>
    <UnitTest name="GetBookingDetailsWithValidID_HappyPath(&quot;2&quot;,null)" storage="c:\users\akhi\source\repos\bookerapitest\bookerapitest\bin\debug\net8.0\bookerapitest.dll" id="dd557de1-44c8-42f9-38a0-d5af844f7317">
      <Execution id="1638dfdc-388c-4879-a601-eec9566de6a0" />
      <TestMethod codeBase="C:\Users\Akhi\source\repos\BookerApiTest\BookerApiTest\bin\Debug\net8.0\BookerApiTest.dll" adapterTypeName="executor://nunit3testexecutor/" className="BookerApiTest.Features.BookingDetailsAPIFeature" name="GetBookingDetailsWithValidID_HappyPath(&quot;2&quot;,null)" />
    </UnitTest>
    <UnitTest name="GetBookingIDsWithValidParameters_HappyPath(&quot;without parms&quot;,&quot;&quot;,&quot;&quot;,&quot;&quot;,&quot;&quot;,&quot;200&quot;,null)" storage="c:\users\akhi\source\repos\bookerapitest\bookerapitest\bin\debug\net8.0\bookerapitest.dll" id="e2f25ae9-ae01-a339-e7e8-86d47fedbcff">
      <Execution id="137d2cca-3f67-4890-9464-ad80bee408ca" />
      <TestMethod codeBase="C:\Users\Akhi\source\repos\BookerApiTest\BookerApiTest\bin\Debug\net8.0\BookerApiTest.dll" adapterTypeName="executor://nunit3testexecutor/" className="BookerApiTest.Features.BookingIDsAPIFeature" name="GetBookingIDsWithValidParameters_HappyPath(&quot;without parms&quot;,&quot;&quot;,&quot;&quot;,&quot;&quot;,&quot;&quot;,&quot;200&quot;,null)" />
    </UnitTest>
    <UnitTest name="GetBookingIDsWithEdgeCaseParameters(&quot;future dates&quot;,&quot;2030-01-01&quot;,&quot;2030-01-10&quot;,&quot;200&quot;,&quot;contain&quot;,null)" storage="c:\users\akhi\source\repos\bookerapitest\bookerapitest\bin\debug\net8.0\bookerapitest.dll" id="567a3b37-5ec5-69f7-7c5d-4348e1640b24">
      <Execution id="03c8028e-310e-4009-87e1-76a76e1b79d7" />
      <TestMethod codeBase="C:\Users\Akhi\source\repos\BookerApiTest\BookerApiTest\bin\Debug\net8.0\BookerApiTest.dll" adapterTypeName="executor://nunit3testexecutor/" className="BookerApiTest.Features.BookingIDsAPIFeature" name="GetBookingIDsWithEdgeCaseParameters(&quot;future dates&quot;,&quot;2030-01-01&quot;,&quot;2030-01-10&quot;,&quot;200&quot;,&quot;contain&quot;,null)" />
    </UnitTest>
    <UnitTest name="GetBookingIDsWithEdgeCaseParameters(&quot;Single day stay&quot;,&quot;2023-02-28&quot;,&quot;2023-02-28&quot;,&quot;200&quot;,&quot;contain&quot;,null)" storage="c:\users\akhi\source\repos\bookerapitest\bookerapitest\bin\debug\net8.0\bookerapitest.dll" id="382672ed-ee50-17b0-4479-d23757ccce62">
      <Execution id="4bf919dd-99c1-4a25-aee3-f8beb30e6d7d" />
      <TestMethod codeBase="C:\Users\Akhi\source\repos\BookerApiTest\BookerApiTest\bin\Debug\net8.0\BookerApiTest.dll" adapterTypeName="executor://nunit3testexecutor/" className="BookerApiTest.Features.BookingIDsAPIFeature" name="GetBookingIDsWithEdgeCaseParameters(&quot;Single day stay&quot;,&quot;2023-02-28&quot;,&quot;2023-02-28&quot;,&quot;200&quot;,&quot;contain&quot;,null)" />
    </UnitTest>
    <UnitTest name="GetBookingIDsWithEdgeCaseParameters(&quot;Checkout before checkin&quot;,&quot;2023-03-01&quot;,&quot;2023-02-28&quot;,&quot;200&quot;,&quot;not contain&quot;,null)" storage="c:\users\akhi\source\repos\bookerapitest\bookerapitest\bin\debug\net8.0\bookerapitest.dll" id="ad558806-3a2a-6c44-8843-c5dab1557e7e">
      <Execution id="66bfe05f-1aab-45f4-89c8-9874d7bcbe65" />
      <TestMethod codeBase="C:\Users\Akhi\source\repos\BookerApiTest\BookerApiTest\bin\Debug\net8.0\BookerApiTest.dll" adapterTypeName="executor://nunit3testexecutor/" className="BookerApiTest.Features.BookingIDsAPIFeature" name="GetBookingIDsWithEdgeCaseParameters(&quot;Checkout before checkin&quot;,&quot;2023-03-01&quot;,&quot;2023-02-28&quot;,&quot;200&quot;,&quot;not contain&quot;,null)" />
    </UnitTest>
    <UnitTest name="GetBookingDetailsWithValidID_HappyPath(&quot;1&quot;,null)" storage="c:\users\akhi\source\repos\bookerapitest\bookerapitest\bin\debug\net8.0\bookerapitest.dll" id="6ef41a4e-1f14-c3ca-1033-2359c301b8e8">
      <Execution id="021b0613-ac4a-4c86-a513-14097930bfae" />
      <TestMethod codeBase="C:\Users\Akhi\source\repos\BookerApiTest\BookerApiTest\bin\Debug\net8.0\BookerApiTest.dll" adapterTypeName="executor://nunit3testexecutor/" className="BookerApiTest.Features.BookingDetailsAPIFeature" name="GetBookingDetailsWithValidID_HappyPath(&quot;1&quot;,null)" />
    </UnitTest>
    <UnitTest name="GetBookingDetailsWithInvalidID_ErrorCases(&quot;999999999&quot;,&quot;404&quot;,null)" storage="c:\users\akhi\source\repos\bookerapitest\bookerapitest\bin\debug\net8.0\bookerapitest.dll" id="944b0e07-b6bb-9ee1-c56a-2694c9858c3e">
      <Execution id="d5228831-c9aa-4ea8-a121-5ade556c85f3" />
      <TestMethod codeBase="C:\Users\Akhi\source\repos\BookerApiTest\BookerApiTest\bin\Debug\net8.0\BookerApiTest.dll" adapterTypeName="executor://nunit3testexecutor/" className="BookerApiTest.Features.BookingDetailsAPIFeature" name="GetBookingDetailsWithInvalidID_ErrorCases(&quot;999999999&quot;,&quot;404&quot;,null)" />
    </UnitTest>
    <UnitTest name="GetBookingIDsWithValidParameters_HappyPath(&quot;Name filter only&quot;,&quot;Sally&quot;,&quot;Brown&quot;,&quot;&quot;,&quot;&quot;,&quot;200&quot;,null)" storage="c:\users\akhi\source\repos\bookerapitest\bookerapitest\bin\debug\net8.0\bookerapitest.dll" id="cad8e3c8-bc50-786a-444e-4735cba36224">
      <Execution id="e59e524a-735d-40e6-942f-5613332fb2ab" />
      <TestMethod codeBase="C:\Users\Akhi\source\repos\BookerApiTest\BookerApiTest\bin\Debug\net8.0\BookerApiTest.dll" adapterTypeName="executor://nunit3testexecutor/" className="BookerApiTest.Features.BookingIDsAPIFeature" name="GetBookingIDsWithValidParameters_HappyPath(&quot;Name filter only&quot;,&quot;Sally&quot;,&quot;Brown&quot;,&quot;&quot;,&quot;&quot;,&quot;200&quot;,null)" />
    </UnitTest>
    <UnitTest name="GetBookingIDsWithSpecialCharacters(&quot;Hyphenated name&quot;,&quot;Anne-Marie&quot;,&quot;O'Connor&quot;,null)" storage="c:\users\akhi\source\repos\bookerapitest\bookerapitest\bin\debug\net8.0\bookerapitest.dll" id="561bb54e-b742-42ec-efd3-2142e44e9eb0">
      <Execution id="dea8f766-85ad-4287-887e-afcfdc124fc6" />
      <TestMethod codeBase="C:\Users\Akhi\source\repos\BookerApiTest\BookerApiTest\bin\Debug\net8.0\BookerApiTest.dll" adapterTypeName="executor://nunit3testexecutor/" className="BookerApiTest.Features.BookingIDsAPIFeature" name="GetBookingIDsWithSpecialCharacters(&quot;Hyphenated name&quot;,&quot;Anne-Marie&quot;,&quot;O'Connor&quot;,null)" />
    </UnitTest>
  </TestDefinitions>
  <TestEntries>
    <TestEntry testId="e2f25ae9-ae01-a339-e7e8-86d47fedbcff" executionId="137d2cca-3f67-4890-9464-ad80bee408ca" testListId="8c84fa94-04c1-424b-9868-57a2d4851a1d" />
    <TestEntry testId="7326d203-90dc-2ad2-b354-5a65401bc10c" executionId="23fc4f4a-b5ab-455e-97c2-ecfb174059e6" testListId="8c84fa94-04c1-424b-9868-57a2d4851a1d" />
    <TestEntry testId="561bb54e-b742-42ec-efd3-2142e44e9eb0" executionId="dea8f766-85ad-4287-887e-afcfdc124fc6" testListId="8c84fa94-04c1-424b-9868-57a2d4851a1d" />
    <TestEntry testId="cad8e3c8-bc50-786a-444e-4735cba36224" executionId="e59e524a-735d-40e6-942f-5613332fb2ab" testListId="8c84fa94-04c1-424b-9868-57a2d4851a1d" />
    <TestEntry testId="dd557de1-44c8-42f9-38a0-d5af844f7317" executionId="1638dfdc-388c-4879-a601-eec9566de6a0" testListId="8c84fa94-04c1-424b-9868-57a2d4851a1d" />
    <TestEntry testId="2899c56b-6eae-9579-a7bb-643bbb53db18" executionId="e9f45f08-0d1c-4235-b3c3-d8c745fa5f00" testListId="8c84fa94-04c1-424b-9868-57a2d4851a1d" />
    <TestEntry testId="7194a192-f5eb-7af0-a928-ff5839d8cbdb" executionId="e4001893-d5fe-4068-8acd-dc3fbc472677" testListId="8c84fa94-04c1-424b-9868-57a2d4851a1d" />
    <TestEntry testId="34736688-340f-df16-ec2d-d03f0a9160d9" executionId="4c9fcf03-1993-4618-9a53-6f26543b54e1" testListId="8c84fa94-04c1-424b-9868-57a2d4851a1d" />
    <TestEntry testId="b624173f-2b80-d3fe-de13-8deadb8f2ea0" executionId="c2eab08b-bd64-415e-aa5f-341d658c97c0" testListId="8c84fa94-04c1-424b-9868-57a2d4851a1d" />
    <TestEntry testId="f9fe192a-7def-3262-8ca4-3a1b425aac6e" executionId="1d5b2f4d-3adf-4e5e-a5a0-78c7401f575c" testListId="8c84fa94-04c1-424b-9868-57a2d4851a1d" />
    <TestEntry testId="6ef41a4e-1f14-c3ca-1033-2359c301b8e8" executionId="021b0613-ac4a-4c86-a513-14097930bfae" testListId="8c84fa94-04c1-424b-9868-57a2d4851a1d" />
    <TestEntry testId="944b0e07-b6bb-9ee1-c56a-2694c9858c3e" executionId="d5228831-c9aa-4ea8-a121-5ade556c85f3" testListId="8c84fa94-04c1-424b-9868-57a2d4851a1d" />
    <TestEntry testId="382672ed-ee50-17b0-4479-d23757ccce62" executionId="4bf919dd-99c1-4a25-aee3-f8beb30e6d7d" testListId="8c84fa94-04c1-424b-9868-57a2d4851a1d" />
    <TestEntry testId="f9c7fa51-d047-5b3b-dcba-a8308fb2329b" executionId="6f1abcec-d415-4a69-9a55-9db6707bb0ce" testListId="8c84fa94-04c1-424b-9868-57a2d4851a1d" />
    <TestEntry testId="eed11379-dee5-0e05-297d-b64efa5e6e9c" executionId="67fac0c9-3246-4b59-b91b-3eee509a1dbf" testListId="8c84fa94-04c1-424b-9868-57a2d4851a1d" />
    <TestEntry testId="fdedfd8a-fcd6-7541-7943-407d3601c8ee" executionId="b91facdb-c3f4-4ae4-9369-4b94e637df0e" testListId="8c84fa94-04c1-424b-9868-57a2d4851a1d" />
    <TestEntry testId="ebca4223-746d-74f3-38e7-1586b3105cab" executionId="f89dd9d9-093a-4e6e-8446-f153d0ee091a" testListId="8c84fa94-04c1-424b-9868-57a2d4851a1d" />
    <TestEntry testId="567a3b37-5ec5-69f7-7c5d-4348e1640b24" executionId="03c8028e-310e-4009-87e1-76a76e1b79d7" testListId="8c84fa94-04c1-424b-9868-57a2d4851a1d" />
    <TestEntry testId="3d12a631-4ab6-7607-3af7-bc906b8b2f0f" executionId="46393956-fc3c-443a-a5fd-248f936d9003" testListId="8c84fa94-04c1-424b-9868-57a2d4851a1d" />
    <TestEntry testId="ad558806-3a2a-6c44-8843-c5dab1557e7e" executionId="66bfe05f-1aab-45f4-89c8-9874d7bcbe65" testListId="8c84fa94-04c1-424b-9868-57a2d4851a1d" />
    <TestEntry testId="734c68a2-aeaa-b307-9fec-70e8b2ffc41d" executionId="261a6013-8dc6-48c1-aca8-82f0d65c08b4" testListId="8c84fa94-04c1-424b-9868-57a2d4851a1d" />
  </TestEntries>
  <TestLists>
    <TestList name="Results Not in a List" id="8c84fa94-04c1-424b-9868-57a2d4851a1d" />
    <TestList name="All Loaded Results" id="19431567-8539-422a-85d7-44ee4e166bda" />
  </TestLists>
  <ResultSummary outcome="Completed">
    <Counters total="21" executed="21" passed="21" failed="0" error="0" timeout="0" aborted="0" inconclusive="0" passedButRunAborted="0" notRunnable="0" notExecuted="0" disconnected="0" warning="0" completed="0" inProgress="0" pending="0" />
    <Output>
      <StdOut>NUnit Adapter 4.5.0.0: Test execution started&#xD;
Running all tests in C:\Users\Akhi\source\repos\BookerApiTest\BookerApiTest\bin\Debug\net8.0\BookerApiTest.dll&#xD;
   NUnit3TestExecutor discovered 21 of 21 NUnit test cases using Current Discovery mode, Non-Explicit run&#xD;
NUnit Adapter 4.5.0.0: Test execution complete&#xD;
</StdOut>
    </Output>
    <RunInfos>
      <RunInfo computerName="DESKTOP-3VSJ9LA" outcome="Warning" timestamp="2025-05-10T13:47:23.3065160+02:00">
        <Text>Given I have an invalid booking ID 999999999&#xD;
-&gt; done: GetBookingSteps.GivenIHaveAnInvalidBookingID("999999999") (0.0s)&#xD;
When I request booking details for that ID&#xD;
-&gt; done: GetBookingSteps.WhenIRequestBookingDetailsForThatID() (1.3s)&#xD;
Then the booking details response status code should be 404&#xD;
-&gt; done: GetBookingSteps.ThenTheBookingDetailsResponseStatusCodeShouldBe(404) (0.0s)&#xD;
</Text>
      </RunInfo>
      <RunInfo computerName="DESKTOP-3VSJ9LA" outcome="Warning" timestamp="2025-05-10T13:47:23.6413320+02:00">
        <Text>Given I have an invalid booking ID invalid_id&#xD;
-&gt; done: GetBookingSteps.GivenIHaveAnInvalidBookingID("invalid_id") (0.0s)&#xD;
When I request booking details for that ID&#xD;
-&gt; done: GetBookingSteps.WhenIRequestBookingDetailsForThatID() (0.3s)&#xD;
Then the booking details response status code should be 404&#xD;
-&gt; done: GetBookingSteps.ThenTheBookingDetailsResponseStatusCodeShouldBe(404) (0.0s)&#xD;
</Text>
      </RunInfo>
      <RunInfo computerName="DESKTOP-3VSJ9LA" outcome="Warning" timestamp="2025-05-10T13:47:24.1507811+02:00">
        <Text>Given I have an invalid booking ID 0&#xD;
-&gt; done: GetBookingSteps.GivenIHaveAnInvalidBookingID("0") (0.0s)&#xD;
When I request booking details for that ID&#xD;
-&gt; done: GetBookingSteps.WhenIRequestBookingDetailsForThatID() (0.5s)&#xD;
Then the booking details response status code should be 404&#xD;
-&gt; done: GetBookingSteps.ThenTheBookingDetailsResponseStatusCodeShouldBe(404) (0.0s)&#xD;
</Text>
      </RunInfo>
      <RunInfo computerName="DESKTOP-3VSJ9LA" outcome="Warning" timestamp="2025-05-10T13:47:24.4747540+02:00">
        <Text>Given I have an invalid booking ID -1&#xD;
-&gt; done: GetBookingSteps.GivenIHaveAnInvalidBookingID("-1") (0.0s)&#xD;
When I request booking details for that ID&#xD;
-&gt; done: GetBookingSteps.WhenIRequestBookingDetailsForThatID() (0.3s)&#xD;
Then the booking details response status code should be 404&#xD;
-&gt; done: GetBookingSteps.ThenTheBookingDetailsResponseStatusCodeShouldBe(404) (0.0s)&#xD;
</Text>
      </RunInfo>
      <RunInfo computerName="DESKTOP-3VSJ9LA" outcome="Warning" timestamp="2025-05-10T13:47:24.9727747+02:00">
        <Text>Given I request booking details for ID 1 with Accept: application/json header&#xD;
-&gt; done: GetBookingSteps.GivenIRequestBookingDetailsForIDWithHeader(1) (0.0s)&#xD;
When I request booking details for that ID&#xD;
-&gt; done: GetBookingSteps.WhenIRequestBookingDetailsForThatID() (0.5s)&#xD;
Then the response status code should be 200&#xD;
-&gt; done: CommonSteps.ThenTheResponseStatusCodeShouldBe(200) (0.0s)&#xD;
And the response should contain valid booking details with JSON content type&#xD;
-&gt; done: GetBookingSteps.ThenTheResponseShouldContainValidBookingDetailsWithJsonContentType() (0.0s)&#xD;
And the booking details should have all required fields with correct types&#xD;
-&gt; done: GetBookingSteps.ThenTheBookingDetailsShouldHaveAllRequiredFieldsWithCorrectTypes() (0.0s)&#xD;
</Text>
      </RunInfo>
      <RunInfo computerName="DESKTOP-3VSJ9LA" outcome="Warning" timestamp="2025-05-10T13:47:25.2933908+02:00">
        <Text>Given I request booking details for ID 2 with Accept: application/json header&#xD;
-&gt; done: GetBookingSteps.GivenIRequestBookingDetailsForIDWithHeader(2) (0.0s)&#xD;
When I request booking details for that ID&#xD;
-&gt; done: GetBookingSteps.WhenIRequestBookingDetailsForThatID() (0.3s)&#xD;
Then the response status code should be 200&#xD;
-&gt; done: CommonSteps.ThenTheResponseStatusCodeShouldBe(200) (0.0s)&#xD;
And the response should contain valid booking details with JSON content type&#xD;
-&gt; done: GetBookingSteps.ThenTheResponseShouldContainValidBookingDetailsWithJsonContentType() (0.0s)&#xD;
And the booking details should have all required fields with correct types&#xD;
-&gt; done: GetBookingSteps.ThenTheBookingDetailsShouldHaveAllRequiredFieldsWithCorrectTypes() (0.0s)&#xD;
</Text>
      </RunInfo>
      <RunInfo computerName="DESKTOP-3VSJ9LA" outcome="Warning" timestamp="2025-05-10T13:47:25.6705728+02:00">
        <Text>When I request booking IDs with parameters&#xD;
  --- table step argument ---&#xD;
  | Parameter | Value      |&#xD;
  | checkin   | 2023/02/28 |&#xD;
  | checkout  | 2023/03/01 |&#xD;
-&gt; done: GetBookingIdsSteps.WhenIRequestBookingIDsWithParameters(&lt;table&gt;) (0.3s)&#xD;
Then the response status code should be 200&#xD;
-&gt; done: CommonSteps.ThenTheResponseStatusCodeShouldBe(200) (0.0s)&#xD;
</Text>
      </RunInfo>
      <RunInfo computerName="DESKTOP-3VSJ9LA" outcome="Warning" timestamp="2025-05-10T13:47:26.0213268+02:00">
        <Text>When I request booking IDs with parameters&#xD;
  --- table step argument ---&#xD;
  | Parameter | Value      |&#xD;
  | checkin   | 2023-03-01 |&#xD;
  | checkout  | 2023-02-28 |&#xD;
-&gt; done: GetBookingIdsSteps.WhenIRequestBookingIDsWithParameters(&lt;table&gt;) (0.3s)&#xD;
Then the response status code should be 200&#xD;
-&gt; done: CommonSteps.ThenTheResponseStatusCodeShouldBe(200) (0.0s)&#xD;
</Text>
      </RunInfo>
      <RunInfo computerName="DESKTOP-3VSJ9LA" outcome="Warning" timestamp="2025-05-10T13:47:26.4944883+02:00">
        <Text>When I request booking IDs with parameters&#xD;
  --- table step argument ---&#xD;
  | Parameter | Value      |&#xD;
  | checkin   | 2030-01-01 |&#xD;
  | checkout  | 2030-01-10 |&#xD;
-&gt; done: GetBookingIdsSteps.WhenIRequestBookingIDsWithParameters(&lt;table&gt;) (0.5s)&#xD;
Then the response status code should be 200&#xD;
-&gt; done: CommonSteps.ThenTheResponseStatusCodeShouldBe(200) (0.0s)&#xD;
</Text>
      </RunInfo>
      <RunInfo computerName="DESKTOP-3VSJ9LA" outcome="Warning" timestamp="2025-05-10T13:47:26.8558279+02:00">
        <Text>When I request booking IDs with parameters&#xD;
  --- table step argument ---&#xD;
  | Parameter | Value      |&#xD;
  | checkin   | 2000-01-01 |&#xD;
  | checkout  | 2000-01-10 |&#xD;
-&gt; done: GetBookingIdsSteps.WhenIRequestBookingIDsWithParameters(&lt;table&gt;) (0.3s)&#xD;
Then the response status code should be 200&#xD;
-&gt; done: CommonSteps.ThenTheResponseStatusCodeShouldBe(200) (0.0s)&#xD;
</Text>
      </RunInfo>
      <RunInfo computerName="DESKTOP-3VSJ9LA" outcome="Warning" timestamp="2025-05-10T13:47:27.3137339+02:00">
        <Text>When I request booking IDs with parameters&#xD;
  --- table step argument ---&#xD;
  | Parameter | Value      |&#xD;
  | checkin   | 2023-02-28 |&#xD;
  | checkout  | 2023-02-28 |&#xD;
-&gt; done: GetBookingIdsSteps.WhenIRequestBookingIDsWithParameters(&lt;table&gt;) (0.5s)&#xD;
Then the response status code should be 200&#xD;
-&gt; done: CommonSteps.ThenTheResponseStatusCodeShouldBe(200) (0.0s)&#xD;
</Text>
      </RunInfo>
      <RunInfo computerName="DESKTOP-3VSJ9LA" outcome="Warning" timestamp="2025-05-10T13:47:27.8670165+02:00">
        <Text>When I request booking IDs with parameters&#xD;
  --- table step argument ---&#xD;
  | Parameter | Value      |&#xD;
  | checkin   | 2010-01-01 |&#xD;
  | checkout  | 2030-12-31 |&#xD;
-&gt; done: GetBookingIdsSteps.WhenIRequestBookingIDsWithParameters(&lt;table&gt;) (0.5s)&#xD;
Then the response status code should be 200&#xD;
-&gt; done: CommonSteps.ThenTheResponseStatusCodeShouldBe(200) (0.0s)&#xD;
</Text>
      </RunInfo>
      <RunInfo computerName="DESKTOP-3VSJ9LA" outcome="Warning" timestamp="2025-05-10T13:47:28.4612607+02:00">
        <Text>When I request booking IDs with parameters&#xD;
  --- table step argument ---&#xD;
  | Parameter | Value      |&#xD;
  | firstname | Anne-Marie |&#xD;
  | lastname  | O'Connor   |&#xD;
-&gt; done: GetBookingIdsSteps.WhenIRequestBookingIDsWithParameters(&lt;table&gt;) (0.6s)&#xD;
Then the response status code should be 200&#xD;
-&gt; done: CommonSteps.ThenTheResponseStatusCodeShouldBe(200) (0.0s)&#xD;
</Text>
      </RunInfo>
      <RunInfo computerName="DESKTOP-3VSJ9LA" outcome="Warning" timestamp="2025-05-10T13:47:28.7801863+02:00">
        <Text>When I request booking IDs with parameters&#xD;
  --- table step argument ---&#xD;
  | Parameter | Value |&#xD;
  | firstname | Jos�  |&#xD;
  | lastname  | Mu�oz |&#xD;
-&gt; done: GetBookingIdsSteps.WhenIRequestBookingIDsWithParameters(&lt;table&gt;) (0.3s)&#xD;
Then the response status code should be 200&#xD;
-&gt; done: CommonSteps.ThenTheResponseStatusCodeShouldBe(200) (0.0s)&#xD;
</Text>
      </RunInfo>
      <RunInfo computerName="DESKTOP-3VSJ9LA" outcome="Warning" timestamp="2025-05-10T13:47:29.1211446+02:00">
        <Text>When I request booking IDs with parameters&#xD;
  --- table step argument ---&#xD;
  | Parameter | Value        |&#xD;
  | firstname | Mary Jane    |&#xD;
  | lastname  | Parker Smith |&#xD;
-&gt; done: GetBookingIdsSteps.WhenIRequestBookingIDsWithParameters(&lt;table&gt;) (0.3s)&#xD;
Then the response status code should be 200&#xD;
-&gt; done: CommonSteps.ThenTheResponseStatusCodeShouldBe(200) (0.0s)&#xD;
</Text>
      </RunInfo>
      <RunInfo computerName="DESKTOP-3VSJ9LA" outcome="Warning" timestamp="2025-05-10T13:47:29.4445183+02:00">
        <Text>When I request booking IDs with parameters&#xD;
  --- table step argument ---&#xD;
  | Parameter | Value |&#xD;
  | firstname | Agent |&#xD;
  | lastname  | 007   |&#xD;
-&gt; done: GetBookingIdsSteps.WhenIRequestBookingIDsWithParameters(&lt;table&gt;) (0.3s)&#xD;
Then the response status code should be 200&#xD;
-&gt; done: CommonSteps.ThenTheResponseStatusCodeShouldBe(200) (0.0s)&#xD;
</Text>
      </RunInfo>
      <RunInfo computerName="DESKTOP-3VSJ9LA" outcome="Warning" timestamp="2025-05-10T13:47:29.8859876+02:00">
        <Text>When I request booking IDs with parameters&#xD;
  --- table step argument ---&#xD;
  | Parameter | Value   |&#xD;
  | firstname | Johnny# |&#xD;
  | lastname  | $mith   |&#xD;
-&gt; done: GetBookingIdsSteps.WhenIRequestBookingIDsWithParameters(&lt;table&gt;) (0.4s)&#xD;
Then the response status code should be 200&#xD;
-&gt; done: CommonSteps.ThenTheResponseStatusCodeShouldBe(200) (0.0s)&#xD;
</Text>
      </RunInfo>
      <RunInfo computerName="DESKTOP-3VSJ9LA" outcome="Warning" timestamp="2025-05-10T13:47:30.4150207+02:00">
        <Text>When I request booking IDs with parameters&#xD;
  --- table step argument ---&#xD;
  | Parameter | Value |&#xD;
  | firstname | Sally |&#xD;
  | lastname  | Brown |&#xD;
  | checkin   |       |&#xD;
  | checkout  |       |&#xD;
-&gt; done: GetBookingIdsSteps.WhenIRequestBookingIDsWithParameters(&lt;table&gt;) (0.5s)&#xD;
Then the response status code should be 200&#xD;
-&gt; done: CommonSteps.ThenTheResponseStatusCodeShouldBe(200) (0.0s)&#xD;
</Text>
      </RunInfo>
      <RunInfo computerName="DESKTOP-3VSJ9LA" outcome="Warning" timestamp="2025-05-10T13:47:30.8975058+02:00">
        <Text>When I request booking IDs with parameters&#xD;
  --- table step argument ---&#xD;
  | Parameter | Value      |&#xD;
  | firstname |            |&#xD;
  | lastname  |            |&#xD;
  | checkin   | 2014-03-13 |&#xD;
  | checkout  | 2014-05-21 |&#xD;
-&gt; done: GetBookingIdsSteps.WhenIRequestBookingIDsWithParameters(&lt;table&gt;) (0.5s)&#xD;
Then the response status code should be 200&#xD;
-&gt; done: CommonSteps.ThenTheResponseStatusCodeShouldBe(200) (0.0s)&#xD;
</Text>
      </RunInfo>
      <RunInfo computerName="DESKTOP-3VSJ9LA" outcome="Warning" timestamp="2025-05-10T13:47:31.5133151+02:00">
        <Text>When I request booking IDs with parameters&#xD;
  --- table step argument ---&#xD;
  | Parameter | Value      |&#xD;
  | firstname | Sally      |&#xD;
  | lastname  | Brown      |&#xD;
  | checkin   | 2014-03-13 |&#xD;
  | checkout  | 2014-05-21 |&#xD;
-&gt; done: GetBookingIdsSteps.WhenIRequestBookingIDsWithParameters(&lt;table&gt;) (0.6s)&#xD;
Then the response status code should be 200&#xD;
-&gt; done: CommonSteps.ThenTheResponseStatusCodeShouldBe(200) (0.0s)&#xD;
</Text>
      </RunInfo>
      <RunInfo computerName="DESKTOP-3VSJ9LA" outcome="Warning" timestamp="2025-05-10T13:47:32.2321060+02:00">
        <Text>When I request booking IDs with parameters&#xD;
  --- table step argument ---&#xD;
  | Parameter | Value |&#xD;
  | firstname |       |&#xD;
  | lastname  |       |&#xD;
  | checkin   |       |&#xD;
  | checkout  |       |&#xD;
-&gt; done: GetBookingIdsSteps.WhenIRequestBookingIDsWithParameters(&lt;table&gt;) (0.7s)&#xD;
Then the response status code should be 200&#xD;
-&gt; done: CommonSteps.ThenTheResponseStatusCodeShouldBe(200) (0.0s)&#xD;
</Text>
      </RunInfo>
    </RunInfos>
  </ResultSummary>
</TestRun>